Flutter crash report.
Please report a bug at https://github.com/flutter/flutter/issues.

## command

flutter --quiet assemble --depfile C:\Users\RaghavG1999\Desktop\anythings\build\app\intermediates\flutter\debug/flutter_build.d --output C:\Users\RaghavG1999\Desktop\anythings\build\app\intermediates\flutter\debug -dTargetFile=C:\Users\RaghavG1999\Desktop\anythings\lib\main.dart -dTargetPlatform=android -dBuildMode=debug -dTrackWidgetCreation=true --DartDefines=flutter.inspector.structuredErrors%3Dtrue debug_android_application

## exception

FileSystemException: FileSystemException: Cannot resolve symbolic links, path = 'C:\Users\RaghavG1999\Desktop\anythings\build\app\intermediates\flutter\debug' (OS Error: The system cannot find the path specified.
, errno = 3)

```
#0      FileSystemEntity._throwIfError (dart:io/file_system_entity.dart:882:7)
#1      FileSystemEntity.resolveSymbolicLinksSync (dart:io/file_system_entity.dart:386:5)
#2      ForwardingFileSystemEntity.resolveSymbolicLinksSync (package:file/src/forwarding/forwarding_file_system_entity.dart:58:49)
#3      ForwardingFileSystemEntity.resolveSymbolicLinksSync (package:file/src/forwarding/forwarding_file_system_entity.dart:58:49)
#4      SourceVisitor.visitPattern (package:flutter_tools/src/build_system/source.dart:120:67)
#5      _PatternSource.accept (package:flutter_tools/src/build_system/source.dart:226:49)
#6      Target._resolveConfiguration (package:flutter_tools/src/build_system/build_system.dart:247:14)
#7      Target.resolveOutputs (package:flutter_tools/src/build_system/build_system.dart:205:12)
#8      Target._toNode (package:flutter_tools/src/build_system/build_system.dart:149:39)
#9      FlutterBuildSystem.build (package:flutter_tools/src/build_system/build_system.dart:555:30)
#10     AssembleCommand.runCommand (package:flutter_tools/src/commands/assemble.dart:221:58)
#11     FlutterCommand.verifyThenRunCommand (package:flutter_tools/src/runner/flutter_command.dart:977:18)
<asynchronous suspension>
#12     FlutterCommand.run.<anonymous closure> (package:flutter_tools/src/runner/flutter_command.dart:836:33)
<asynchronous suspension>
#13     FlutterCommand.run.<anonymous closure> (package:flutter_tools/src/runner/flutter_command.dart)
#14     AppContext.run.<anonymous closure> (package:flutter_tools/src/base/context.dart:150:29)
#15     _rootRun (dart:async/zone.dart:1190:13)
#16     _CustomZone.run (dart:async/zone.dart:1093:19)
#17     _runZoned (dart:async/zone.dart:1630:10)
#18     runZoned (dart:async/zone.dart:1550:10)
#19     AppContext.run (package:flutter_tools/src/base/context.dart:149:18)
#20     FlutterCommand.run (package:flutter_tools/src/runner/flutter_command.dart:825:20)
#21     CommandRunner.runCommand (package:args/command_runner.dart:197:27)
#22     FlutterCommandRunner.runCommand.<anonymous closure> (package:flutter_tools/src/runner/flutter_command_runner.dart:335:21)
<asynchronous suspension>
#23     FlutterCommandRunner.runCommand.<anonymous closure> (package:flutter_tools/src/runner/flutter_command_runner.dart)
#24     AppContext.run.<anonymous closure> (package:flutter_tools/src/base/context.dart:150:29)
#25     _rootRun (dart:async/zone.dart:1190:13)
#26     _CustomZone.run (dart:async/zone.dart:1093:19)
#27     _runZoned (dart:async/zone.dart:1630:10)
#28     runZoned (dart:async/zone.dart:1550:10)
#29     AppContext.run (package:flutter_tools/src/base/context.dart:149:18)
#30     FlutterCommandRunner.runCommand (package:flutter_tools/src/runner/flutter_command_runner.dart:281:19)
<asynchronous suspension>
#31     CommandRunner.run.<anonymous closure> (package:args/command_runner.dart:112:25)
#32     new Future.sync (dart:async/future.dart:223:31)
#33     CommandRunner.run (package:args/command_runner.dart:112:14)
#34     FlutterCommandRunner.run (package:flutter_tools/src/runner/flutter_command_runner.dart:230:18)
#35     run.<anonymous closure>.<anonymous closure> (package:flutter_tools/runner.dart:63:22)
#36     _rootRun (dart:async/zone.dart:1190:13)
#37     _CustomZone.run (dart:async/zone.dart:1093:19)
#38     _runZoned (dart:async/zone.dart:1630:10)
#39     runZonedGuarded (dart:async/zone.dart:1618:12)
#40     runZoned (dart:async/zone.dart:1547:12)
#41     run.<anonymous closure> (package:flutter_tools/runner.dart:61:18)
<asynchronous suspension>
#42     run.<anonymous closure> (package:flutter_tools/runner.dart)
#43     runInContext.runnerWrapper (package:flutter_tools/src/context_runner.dart:67:18)
<asynchronous suspension>
#44     runInContext.runnerWrapper (package:flutter_tools/src/context_runner.dart)
#45     AppContext.run.<anonymous closure> (package:flutter_tools/src/base/context.dart:150:29)
#46     _rootRun (dart:async/zone.dart:1190:13)
#47     _CustomZone.run (dart:async/zone.dart:1093:19)
#48     _runZoned (dart:async/zone.dart:1630:10)
#49     runZoned (dart:async/zone.dart:1550:10)
#50     AppContext.run (package:flutter_tools/src/base/context.dart:149:18)
#51     runInContext (package:flutter_tools/src/context_runner.dart:70:24)
#52     run (package:flutter_tools/runner.dart:46:10)
#53     main (package:flutter_tools/executable.dart:77:9)
#54     main (file:///C:/flutter/packages/flutter_tools/bin/flutter_tools.dart:8:3)
#55     _startIsolate.<anonymous closure> (dart:isolate-patch/isolate_patch.dart:299:32)
#56     _RawReceivePortImpl._handleMessage (dart:isolate-patch/isolate_patch.dart:168:12)
```

## flutter doctor

```
[✓] Flutter (Channel stable, 1.22.5, on Microsoft Windows [Version 10.0.18363.1256], locale en-IN)
    • Flutter version 1.22.5 at C:\flutter
    • Framework revision 7891006299 (2 weeks ago), 2020-12-10 11:54:40 -0800
    • Engine revision ae90085a84
    • Dart version 2.10.4

[✓] Android toolchain - develop for Android devices (Android SDK version 30.0.0)
    • Android SDK at C:\Users\RaghavG1999\AppData\Local\Android\Sdk
    • Platform android-30, build-tools 30.0.0
    • ANDROID_HOME = C:\Users\RaghavG1999\AppData\Local\Android\Sdk
    • Java binary at: C:\Program Files\Android\Android Studio\jre\bin\java
    • Java version OpenJDK Runtime Environment (build 1.8.0_242-release-1644-b01)
    • All Android licenses accepted.

[!] Android Studio (version 4.1.0)
    • Android Studio at C:\Program Files\Android\Android Studio
    ✗ Flutter plugin not installed; this adds Flutter specific functionality.
    ✗ Dart plugin not installed; this adds Dart specific functionality.
    • Java version OpenJDK Runtime Environment (build 1.8.0_242-release-1644-b01)

[✓] VS Code (version 1.52.1)
    • VS Code at C:\Users\RaghavG1999\AppData\Local\Programs\Microsoft VS Code
    • Flutter extension version 3.18.0

[✓] Connected device (1 available)
    • RMX1801 (mobile) • 668b815 • android-arm64 • Android 10 (API 29)

! Doctor found issues in 1 category.
```
